# JRE version: Java(TM) SE Runtime Environment (8.0_231-b11) (build 1.8.0_231-b11)
# Java VM: Java HotSpot(TM) 64-Bit Server VM (25.231-b11 mixed mode windows-amd64 compressed oops)
Heap:
 PSYoungGen      total 459264K, used 172928K [0x00000000d5f80000, 0x0000000100000000, 0x0000000100000000)
  eden space 229888K, 0% used [0x00000000d5f80000,0x00000000d5f80000,0x00000000e4000000)
  from space 229376K, 75% used [0x00000000e4000000,0x00000000ee8e0000,0x00000000f2000000)
  to   space 229376K, 0% used [0x00000000f2000000,0x00000000f2000000,0x0000000100000000)
 ParOldGen       total 1377792K, used 1176419K [0x0000000081e00000, 0x00000000d5f80000, 0x00000000d5f80000)
  object space 1377792K, 85% used [0x0000000081e00000,0x00000000c9ad8cd8,0x00000000d5f80000)
 Metaspace       used 9214K, capacity 9448K, committed 9728K, reserved 1058816K
  class space    used 1124K, capacity 1210K, committed 1280K, reserved 1048576K
GC Heap History (10 events):
Event: 58.694 GC heap after
Heap after GC invocations=27 (full 7):
 PSYoungGen      total 459264K, used 163264K [0x00000000d5f80000, 0x0000000100000000, 0x0000000100000000)
  eden space 229888K, 0% used [0x00000000d5f80000,0x00000000d5f80000,0x00000000e4000000)
  from space 229376K, 71% used [0x00000000f2000000,0x00000000fbf70000,0x0000000100000000)
  to   space 229376K, 0% used [0x00000000e4000000,0x00000000e4000000,0x00000000f2000000)
 ParOldGen       total 1108480K, used 889724K [0x0000000081e00000, 0x00000000c5880000, 0x00000000d5f80000)
  object space 1108480K, 80% used [0x0000000081e00000,0x00000000b82df1f0,0x00000000c5880000)
 Metaspace       used 9214K, capacity 9448K, committed 9728K, reserved 1058816K
  class space    used 1124K, capacity 1210K, committed 1280K, reserved 1048576K
}
Event: 59.480 GC heap before
{Heap before GC invocations=28 (full 7):
 PSYoungGen      total 459264K, used 393152K [0x00000000d5f80000, 0x0000000100000000, 0x0000000100000000)
  eden space 229888K, 100% used [0x00000000d5f80000,0x00000000e4000000,0x00000000e4000000)
  from space 229376K, 71% used [0x00000000f2000000,0x00000000fbf70000,0x0000000100000000)
  to   space 229376K, 0% used [0x00000000e4000000,0x00000000e4000000,0x00000000f2000000)
 ParOldGen       total 1108480K, used 889724K [0x0000000081e00000, 0x00000000c5880000, 0x00000000d5f80000)
  object space 1108480K, 80% used [0x0000000081e00000,0x00000000b82df1f0,0x00000000c5880000)
 Metaspace       used 9214K, capacity 9448K, committed 9728K, reserved 1058816K
  class space    used 1124K, capacity 1210K, committed 1280K, reserved 1048576K
Event: 62.449 GC heap after
Heap after GC invocations=28 (full 7):
 PSYoungGen      total 459264K, used 179648K [0x00000000d5f80000, 0x0000000100000000, 0x0000000100000000)
  eden space 229888K, 0% used [0x00000000d5f80000,0x00000000d5f80000,0x00000000e4000000)
  from space 229376K, 78% used [0x00000000e4000000,0x00000000eef70000,0x00000000f2000000)
  to   space 229376K, 0% used [0x00000000f2000000,0x00000000f2000000,0x0000000100000000)
 ParOldGen       total 1108480K, used 1052992K [0x0000000081e00000, 0x00000000c5880000, 0x00000000d5f80000)
  object space 1108480K, 94% used [0x0000000081e00000,0x00000000c2250290,0x00000000c5880000)
 Metaspace       used 9214K, capacity 9448K, committed 9728K, reserved 1058816K
  class space    used 1124K, capacity 1210K, committed 1280K, reserved 1048576K
}
Event: 62.616 GC heap before
{Heap before GC invocations=29 (full 8):
 PSYoungGen      total 459264K, used 179648K [0x00000000d5f80000, 0x0000000100000000, 0x0000000100000000)
  eden space 229888K, 0% used [0x00000000d5f80000,0x00000000d5f80000,0x00000000e4000000)
  from space 229376K, 78% used [0x00000000e4000000,0x00000000eef70000,0x00000000f2000000)
  to   space 229376K, 0% used [0x00000000f2000000,0x00000000f2000000,0x0000000100000000)
 ParOldGen       total 1108480K, used 1052992K [0x0000000081e00000, 0x00000000c5880000, 0x00000000d5f80000)
  object space 1108480K, 94% used [0x0000000081e00000,0x00000000c2250290,0x00000000c5880000)
 Metaspace       used 9214K, capacity 9448K, committed 9728K, reserved 1058816K
  class space    used 1124K, capacity 1210K, committed 1280K, reserved 1048576K
Event: 83.716 GC heap after
Heap after GC invocations=29 (full 8):
 PSYoungGen      total 459264K, used 0K [0x00000000d5f80000, 0x0000000100000000, 0x0000000100000000)
  eden space 229888K, 0% used [0x00000000d5f80000,0x00000000d5f80000,0x00000000e4000000)
  from space 229376K, 0% used [0x00000000e4000000,0x00000000e4000000,0x00000000f2000000)
  to   space 229376K, 0% used [0x00000000f2000000,0x00000000f2000000,0x0000000100000000)
 ParOldGen       total 1377792K, used 1001866K [0x0000000081e00000, 0x00000000d5f80000, 0x00000000d5f80000)
  object space 1377792K, 72% used [0x0000000081e00000,0x00000000bf0628b8,0x00000000d5f80000)
 Metaspace       used 9214K, capacity 9448K, committed 9728K, reserved 1058816K
  class space    used 1124K, capacity 1210K, committed 1280K, reserved 1048576K
}
Event: 84.418 GC heap before
{Heap before GC invocations=30 (full 8):
 PSYoungGen      total 459264K, used 229888K [0x00000000d5f80000, 0x0000000100000000, 0x0000000100000000)
  eden space 229888K, 100% used [0x00000000d5f80000,0x00000000e4000000,0x00000000e4000000)
  from space 229376K, 0% used [0x00000000e4000000,0x00000000e4000000,0x00000000f2000000)
  to   space 229376K, 0% used [0x00000000f2000000,0x00000000f2000000,0x0000000100000000)
 ParOldGen       total 1377792K, used 1001866K [0x0000000081e00000, 0x00000000d5f80000, 0x00000000d5f80000)
  object space 1377792K, 72% used [0x0000000081e00000,0x00000000bf0628b8,0x00000000d5f80000)
 Metaspace       used 9214K, capacity 9448K, committed 9728K, reserved 1058816K
  class space    used 1124K, capacity 1210K, committed 1280K, reserved 1048576K
Event: 84.753 GC heap after
Heap after GC invocations=30 (full 8):
 PSYoungGen      total 459264K, used 174688K [0x00000000d5f80000, 0x0000000100000000, 0x0000000100000000)
  eden space 229888K, 0% used [0x00000000d5f80000,0x00000000d5f80000,0x00000000e4000000)
  from space 229376K, 76% used [0x00000000f2000000,0x00000000fca98000,0x0000000100000000)
  to   space 229376K, 0% used [0x00000000e4000000,0x00000000e4000000,0x00000000f2000000)
 ParOldGen       total 1377792K, used 1001866K [0x0000000081e00000, 0x00000000d5f80000, 0x00000000d5f80000)
  object space 1377792K, 72% used [0x0000000081e00000,0x00000000bf0628b8,0x00000000d5f80000)
 Metaspace       used 9214K, capacity 9448K, committed 9728K, reserved 1058816K
  class space    used 1124K, capacity 1210K, committed 1280K, reserved 1048576K
}
Event: 85.117 GC heap before
{Heap before GC invocations=31 (full 8):
 PSYoungGen      total 459264K, used 404576K [0x00000000d5f80000, 0x0000000100000000, 0x0000000100000000)
  eden space 229888K, 100% used [0x00000000d5f80000,0x00000000e4000000,0x00000000e4000000)
  from space 229376K, 76% used [0x00000000f2000000,0x00000000fca98000,0x0000000100000000)
  to   space 229376K, 0% used [0x00000000e4000000,0x00000000e4000000,0x00000000f2000000)
 ParOldGen       total 1377792K, used 1001866K [0x0000000081e00000, 0x00000000d5f80000, 0x00000000d5f80000)
  object space 1377792K, 72% used [0x0000000081e00000,0x00000000bf0628b8,0x00000000d5f80000)
 Metaspace       used 9214K, capacity 9448K, committed 9728K, reserved 1058816K
  class space    used 1124K, capacity 1210K, committed 1280K, reserved 1048576K
Event: 87.172 GC heap after
Heap after GC invocations=31 (full 8):
 PSYoungGen      total 459264K, used 172928K [0x00000000d5f80000, 0x0000000100000000, 0x0000000100000000)
  eden space 229888K, 0% used [0x00000000d5f80000,0x00000000d5f80000,0x00000000e4000000)
  from space 229376K, 75% used [0x00000000e4000000,0x00000000ee8e0000,0x00000000f2000000)
  to   space 229376K, 0% used [0x00000000f2000000,0x00000000f2000000,0x0000000100000000)
 ParOldGen       total 1377792K, used 1176419K [0x0000000081e00000, 0x00000000d5f80000, 0x00000000d5f80000)
  object space 1377792K, 85% used [0x0000000081e00000,0x00000000c9ad8cd8,0x00000000d5f80000)
 Metaspace       used 9214K, capacity 9448K, committed 9728K, reserved 1058816K
  class space    used 1124K, capacity 1210K, committed 1280K, reserved 1048576K
}
Event: 87.370 GC heap before
{Heap before GC invocations=32 (full 9):
 PSYoungGen      total 459264K, used 172928K [0x00000000d5f80000, 0x0000000100000000, 0x0000000100000000)
  eden space 229888K, 0% used [0x00000000d5f80000,0x00000000d5f80000,0x00000000e4000000)
  from space 229376K, 75% used [0x00000000e4000000,0x00000000ee8e0000,0x00000000f2000000)
  to   space 229376K, 0% used [0x00000000f2000000,0x00000000f2000000,0x0000000100000000)
 ParOldGen       total 1377792K, used 1176419K [0x0000000081e00000, 0x00000000d5f80000, 0x00000000d5f80000)
  object space 1377792K, 85% used [0x0000000081e00000,0x00000000c9ad8cd8,0x00000000d5f80000)
 Metaspace       used 9214K, capacity 9448K, committed 9728K, reserved 1058816K
  class space    used 1124K, capacity 1210K, committed 1280K, reserved 1048576K

